<?xml version="1.0" encoding="UTF-8"?>
<!-- Generated by org.testng.reporters.JUnitXMLReporter -->
<testsuite ignored="1" hostname="LAPTOP-5K9H8Q3R" failures="2" tests="10" name="Test" time="0.203" errors="0" timestamp="2020-07-29T21:48:52 IST">
  <testcase classname="Demo1.Day1" name="Day" time="0.015">
    <failure type="java.lang.AssertionError" message="did not expect to find [true] but found [false]">
      <![CDATA[java.lang.AssertionError: did not expect to find [true] but found [false]
at Demo1.Day1.Day(Day1.java:14)
at java.base/java.util.ArrayList.forEach(ArrayList.java:1507)
... Removed 31 stack frames]]>
    </failure>
  </testcase> <!-- Day -->
  <testcase classname="Demo1.Day2" name="toInclude" time="0.0">
    <failure type="org.testng.TestNGException" message="
Parameter &amp;apos;URL&amp;apos; is required by @Test on method toInclude but has not been marked @Optional or defined
in C:\Users\Lenovo\eclipse-workspace\TestNGTesting\testng1.xml">
      <![CDATA[org.testng.TestNGException: 
Parameter 'URL' is required by @Test on method toInclude but has not been marked @Optional or defined
in C:\Users\Lenovo\eclipse-workspace\TestNGTesting\testng1.xml
at java.base/java.util.ArrayList.forEach(ArrayList.java:1507)
... Removed 26 stack frames]]>
    </failure>
  </testcase> <!-- toInclude -->
  <testcase classname="Demo1.Day2" name="catchData" time="0.002"/>
  <testcase classname="Demo1.Day2" name="catchData" time="0.002"/>
  <testcase classname="Demo1.Day2" name="catchData" time="0.002"/>
  <testcase classname="Demo1.Day2" name="toInclude5" time="0.001"/>
  <testcase classname="Demo1.Day2" name="Apanpahile" time="0.0">
    <skipped/>
  </testcase> <!-- Apanpahile -->
  <testcase classname="Demo1.Day3" name="toExclude" time="0.004"/>
  <testcase classname="Demo1.Day3" name="toExclude3" time="0.019"/>
  <testcase classname="Demo1.Day3" name="toExclude4" time="0.004"/>
  <testcase classname="Demo1.Day2" name="toInclude3" time="0.0">
    <ignored/>
  </testcase> <!-- toInclude3 -->
</testsuite> <!-- Test -->
