<?xml version="1.0" encoding="UTF-8"?>
<testng-results ignored="0" total="3" passed="3" failed="0" skipped="0">
  <reporter-output>
  </reporter-output>
  <suite started-at="2020-10-24T01:04:09 IST" name="Suite" finished-at="2020-10-24T01:04:09 IST" duration-ms="81">
    <groups>
    </groups>
    <test started-at="2020-10-24T01:04:09 IST" name="Test" finished-at="2020-10-24T01:04:09 IST" duration-ms="81">
      <class name="Demo1.Day3">
        <test-method is-config="true" signature="befSuite()[pri:0, instance:Demo1.Day3@65466a6a]" started-at="2020-10-24T01:04:09 IST" name="befSuite" finished-at="2020-10-24T01:04:09 IST" duration-ms="12" status="PASS">
          <reporter-output>
          </reporter-output>
        </test-method> <!-- befSuite -->
        <test-method is-config="true" signature="befMethod()[pri:0, instance:Demo1.Day3@65466a6a]" started-at="2020-10-24T01:04:09 IST" name="befMethod" finished-at="2020-10-24T01:04:09 IST" duration-ms="1" status="PASS">
          <reporter-output>
          </reporter-output>
        </test-method> <!-- befMethod -->
        <test-method signature="toExclude()[pri:0, instance:Demo1.Day3@65466a6a]" started-at="2020-10-24T01:04:09 IST" name="toExclude" finished-at="2020-10-24T01:04:09 IST" duration-ms="9" status="PASS">
          <reporter-output>
          </reporter-output>
        </test-method> <!-- toExclude -->
        <test-method is-config="true" signature="aftMethod()[pri:0, instance:Demo1.Day3@65466a6a]" started-at="2020-10-24T01:04:09 IST" name="aftMethod" finished-at="2020-10-24T01:04:09 IST" duration-ms="1" status="PASS">
          <reporter-output>
          </reporter-output>
        </test-method> <!-- aftMethod -->
        <test-method is-config="true" signature="befMethod()[pri:0, instance:Demo1.Day3@65466a6a]" started-at="2020-10-24T01:04:09 IST" name="befMethod" finished-at="2020-10-24T01:04:09 IST" duration-ms="1" status="PASS">
          <reporter-output>
          </reporter-output>
        </test-method> <!-- befMethod -->
        <test-method signature="toExclude3()[pri:0, instance:Demo1.Day3@65466a6a]" started-at="2020-10-24T01:04:09 IST" name="toExclude3" finished-at="2020-10-24T01:04:09 IST" duration-ms="13" status="PASS">
          <reporter-output>
          </reporter-output>
        </test-method> <!-- toExclude3 -->
        <test-method is-config="true" signature="aftMethod()[pri:0, instance:Demo1.Day3@65466a6a]" started-at="2020-10-24T01:04:09 IST" name="aftMethod" finished-at="2020-10-24T01:04:09 IST" duration-ms="1" status="PASS">
          <reporter-output>
          </reporter-output>
        </test-method> <!-- aftMethod -->
        <test-method is-config="true" signature="befMethod()[pri:0, instance:Demo1.Day3@65466a6a]" started-at="2020-10-24T01:04:09 IST" name="befMethod" finished-at="2020-10-24T01:04:09 IST" duration-ms="1" status="PASS">
          <reporter-output>
          </reporter-output>
        </test-method> <!-- befMethod -->
        <test-method signature="toExclude4()[pri:0, instance:Demo1.Day3@65466a6a]" started-at="2020-10-24T01:04:09 IST" name="toExclude4" finished-at="2020-10-24T01:04:09 IST" duration-ms="2" status="PASS">
          <reporter-output>
          </reporter-output>
        </test-method> <!-- toExclude4 -->
        <test-method is-config="true" signature="aftMethod()[pri:0, instance:Demo1.Day3@65466a6a]" started-at="2020-10-24T01:04:09 IST" name="aftMethod" finished-at="2020-10-24T01:04:09 IST" duration-ms="1" status="PASS">
          <reporter-output>
          </reporter-output>
        </test-method> <!-- aftMethod -->
        <test-method is-config="true" signature="aftSuite()[pri:0, instance:Demo1.Day3@65466a6a]" started-at="2020-10-24T01:04:10 IST" name="aftSuite" finished-at="2020-10-24T01:04:10 IST" duration-ms="1" status="PASS">
          <reporter-output>
          </reporter-output>
        </test-method> <!-- aftSuite -->
      </class> <!-- Demo1.Day3 -->
    </test> <!-- Test -->
  </suite> <!-- Suite -->
</testng-results>
